mode: set
github.com/ronymmoura/spending-sage-api/internal/auth/clerk/clerk.go:26.44,29.2 2 0
github.com/ronymmoura/spending-sage-api/internal/usecases/create_fixed_entry_usecase.go:10.224,24.2 3 0
github.com/ronymmoura/spending-sage-api/internal/usecases/create_month_entry_usecase.go:10.230,25.2 3 0
github.com/ronymmoura/spending-sage-api/internal/usecases/create_month_usecase.go:10.112,13.53 2 0
github.com/ronymmoura/spending-sage-api/internal/usecases/create_month_usecase.go:13.53,25.17 5 0
github.com/ronymmoura/spending-sage-api/internal/usecases/create_month_usecase.go:25.17,27.4 1 0
github.com/ronymmoura/spending-sage-api/internal/usecases/create_month_usecase.go:29.3,29.13 1 0
github.com/ronymmoura/spending-sage-api/internal/usecases/create_month_usecase.go:32.2,32.16 1 0
github.com/ronymmoura/spending-sage-api/internal/usecases/create_month_usecase.go:32.16,34.3 1 0
github.com/ronymmoura/spending-sage-api/internal/usecases/create_month_usecase.go:36.2,36.18 1 0
github.com/ronymmoura/spending-sage-api/internal/usecases/create_user_usecase.go:8.115,15.16 3 0
github.com/ronymmoura/spending-sage-api/internal/usecases/create_user_usecase.go:15.16,17.3 1 0
github.com/ronymmoura/spending-sage-api/internal/usecases/create_user_usecase.go:19.2,19.8 1 0
github.com/ronymmoura/spending-sage-api/internal/usecases/get_user_usecase.go:8.95,12.2 2 0
github.com/ronymmoura/spending-sage-api/internal/usecases/list_categories_usecase.go:8.100,12.2 2 0
github.com/ronymmoura/spending-sage-api/internal/usecases/list_fixed_entries_usecase.go:10.194,20.2 3 0
github.com/ronymmoura/spending-sage-api/internal/usecases/list_months_usecase.go:8.141,12.16 3 0
github.com/ronymmoura/spending-sage-api/internal/usecases/list_months_usecase.go:12.16,14.3 1 0
github.com/ronymmoura/spending-sage-api/internal/usecases/list_months_usecase.go:16.2,24.8 3 0
github.com/ronymmoura/spending-sage-api/internal/usecases/list_origins_usecase.go:8.92,12.2 2 0
github.com/ronymmoura/spending-sage-api/internal/usecases/search_month_entries_usecase.go:10.207,20.2 3 0
github.com/ronymmoura/spending-sage-api/cmd/sage/sage.go:10.12,12.16 2 0
github.com/ronymmoura/spending-sage-api/cmd/sage/sage.go:12.16,14.3 1 0
github.com/ronymmoura/spending-sage-api/cmd/sage/sage.go:16.2,17.16 2 0
github.com/ronymmoura/spending-sage-api/cmd/sage/sage.go:17.16,19.3 1 0
github.com/ronymmoura/spending-sage-api/cmd/sage/sage.go:21.2,21.23 1 0
github.com/ronymmoura/spending-sage-api/main.go:5.13,7.2 1 0
github.com/ronymmoura/spending-sage-api/internal/api/auth.go:11.53,14.59 2 0
github.com/ronymmoura/spending-sage-api/internal/api/auth.go:14.59,17.3 2 0
github.com/ronymmoura/spending-sage-api/internal/api/auth.go:19.2,19.34 1 0
github.com/ronymmoura/spending-sage-api/internal/api/auth.go:19.34,22.3 2 0
github.com/ronymmoura/spending-sage-api/internal/api/fixed_entries.go:39.129,40.32 1 0
github.com/ronymmoura/spending-sage-api/internal/api/fixed_entries.go:40.32,42.17 2 0
github.com/ronymmoura/spending-sage-api/internal/api/fixed_entries.go:42.17,44.4 1 0
github.com/ronymmoura/spending-sage-api/internal/api/fixed_entries.go:46.3,47.17 2 0
github.com/ronymmoura/spending-sage-api/internal/api/fixed_entries.go:47.17,49.4 1 0
github.com/ronymmoura/spending-sage-api/internal/api/fixed_entries.go:51.3,60.5 1 0
github.com/ronymmoura/spending-sage-api/internal/api/fixed_entries.go:63.2,63.8 1 0
github.com/ronymmoura/spending-sage-api/internal/api/fixed_entries.go:66.65,70.50 3 0
github.com/ronymmoura/spending-sage-api/internal/api/fixed_entries.go:70.50,73.3 2 0
github.com/ronymmoura/spending-sage-api/internal/api/fixed_entries.go:75.2,76.16 2 0
github.com/ronymmoura/spending-sage-api/internal/api/fixed_entries.go:76.16,79.3 2 0
github.com/ronymmoura/spending-sage-api/internal/api/fixed_entries.go:81.2,82.16 2 0
github.com/ronymmoura/spending-sage-api/internal/api/fixed_entries.go:82.16,85.3 2 0
github.com/ronymmoura/spending-sage-api/internal/api/fixed_entries.go:87.2,94.30 2 0
github.com/ronymmoura/spending-sage-api/internal/api/fixed_entries.go:118.63,122.49 3 0
github.com/ronymmoura/spending-sage-api/internal/api/fixed_entries.go:122.49,125.3 2 0
github.com/ronymmoura/spending-sage-api/internal/api/fixed_entries.go:127.2,130.16 3 0
github.com/ronymmoura/spending-sage-api/internal/api/fixed_entries.go:130.16,133.3 2 0
github.com/ronymmoura/spending-sage-api/internal/api/fixed_entries.go:135.2,146.35 2 0
github.com/ronymmoura/spending-sage-api/internal/api/lists.go:16.55,18.16 2 0
github.com/ronymmoura/spending-sage-api/internal/api/lists.go:18.16,21.3 2 0
github.com/ronymmoura/spending-sage-api/internal/api/lists.go:23.2,24.16 2 0
github.com/ronymmoura/spending-sage-api/internal/api/lists.go:24.16,27.3 2 0
github.com/ronymmoura/spending-sage-api/internal/api/lists.go:29.2,34.30 2 0
github.com/ronymmoura/spending-sage-api/internal/api/middleware.go:13.39,14.32 1 0
github.com/ronymmoura/spending-sage-api/internal/api/middleware.go:14.32,17.17 2 0
github.com/ronymmoura/spending-sage-api/internal/api/middleware.go:17.17,21.4 3 0
github.com/ronymmoura/spending-sage-api/internal/api/middleware.go:23.3,27.17 2 0
github.com/ronymmoura/spending-sage-api/internal/api/middleware.go:27.17,30.4 2 0
github.com/ronymmoura/spending-sage-api/internal/api/middleware.go:32.3,33.17 2 0
github.com/ronymmoura/spending-sage-api/internal/api/middleware.go:33.17,36.4 2 0
github.com/ronymmoura/spending-sage-api/internal/api/middleware.go:38.3,39.13 2 0
github.com/ronymmoura/spending-sage-api/internal/api/month.go:17.58,21.49 3 0
github.com/ronymmoura/spending-sage-api/internal/api/month.go:21.49,24.3 2 0
github.com/ronymmoura/spending-sage-api/internal/api/month.go:26.2,27.16 2 0
github.com/ronymmoura/spending-sage-api/internal/api/month.go:27.16,30.3 2 0
github.com/ronymmoura/spending-sage-api/internal/api/month.go:32.2,32.37 1 0
github.com/ronymmoura/spending-sage-api/internal/api/month.go:46.57,50.50 3 0
github.com/ronymmoura/spending-sage-api/internal/api/month.go:50.50,53.3 2 0
github.com/ronymmoura/spending-sage-api/internal/api/month.go:55.2,56.16 2 0
github.com/ronymmoura/spending-sage-api/internal/api/month.go:56.16,57.27 1 0
github.com/ronymmoura/spending-sage-api/internal/api/month.go:57.27,60.4 2 0
github.com/ronymmoura/spending-sage-api/internal/api/month.go:62.3,63.9 2 0
github.com/ronymmoura/spending-sage-api/internal/api/month.go:66.2,73.30 2 0
github.com/ronymmoura/spending-sage-api/internal/api/month_entries.go:24.63,26.49 2 0
github.com/ronymmoura/spending-sage-api/internal/api/month_entries.go:26.49,29.3 2 0
github.com/ronymmoura/spending-sage-api/internal/api/month_entries.go:31.2,31.48 1 0
github.com/ronymmoura/spending-sage-api/internal/api/month_entries.go:31.48,34.3 2 0
github.com/ronymmoura/spending-sage-api/internal/api/month_entries.go:36.2,39.16 3 0
github.com/ronymmoura/spending-sage-api/internal/api/month_entries.go:39.16,42.3 2 0
github.com/ronymmoura/spending-sage-api/internal/api/month_entries.go:44.2,44.32 1 0
github.com/ronymmoura/spending-sage-api/internal/api/month_entries.go:75.129,76.32 1 0
github.com/ronymmoura/spending-sage-api/internal/api/month_entries.go:76.32,78.17 2 0
github.com/ronymmoura/spending-sage-api/internal/api/month_entries.go:78.17,80.4 1 0
github.com/ronymmoura/spending-sage-api/internal/api/month_entries.go:82.3,83.17 2 0
github.com/ronymmoura/spending-sage-api/internal/api/month_entries.go:83.17,85.4 1 0
github.com/ronymmoura/spending-sage-api/internal/api/month_entries.go:87.3,98.5 1 0
github.com/ronymmoura/spending-sage-api/internal/api/month_entries.go:101.2,101.8 1 0
github.com/ronymmoura/spending-sage-api/internal/api/month_entries.go:104.65,106.50 2 0
github.com/ronymmoura/spending-sage-api/internal/api/month_entries.go:106.50,109.3 2 0
github.com/ronymmoura/spending-sage-api/internal/api/month_entries.go:111.2,111.48 1 0
github.com/ronymmoura/spending-sage-api/internal/api/month_entries.go:111.48,114.3 2 0
github.com/ronymmoura/spending-sage-api/internal/api/month_entries.go:116.2,117.16 2 0
github.com/ronymmoura/spending-sage-api/internal/api/month_entries.go:117.16,120.3 2 0
github.com/ronymmoura/spending-sage-api/internal/api/month_entries.go:122.2,123.16 2 0
github.com/ronymmoura/spending-sage-api/internal/api/month_entries.go:123.16,126.3 2 0
github.com/ronymmoura/spending-sage-api/internal/api/month_entries.go:128.2,135.30 2 0
github.com/ronymmoura/spending-sage-api/internal/api/server.go:24.64,36.2 6 0
github.com/ronymmoura/spending-sage-api/internal/api/server.go:38.51,40.2 1 0
github.com/ronymmoura/spending-sage-api/internal/api/server.go:42.33,44.16 2 0
github.com/ronymmoura/spending-sage-api/internal/api/server.go:44.16,46.3 1 0
github.com/ronymmoura/spending-sage-api/internal/api/server.go:48.2,49.22 2 0
github.com/ronymmoura/spending-sage-api/internal/api/server.go:52.36,55.2 2 0
github.com/ronymmoura/spending-sage-api/internal/api/server.go:63.37,64.48 1 0
github.com/ronymmoura/spending-sage-api/internal/api/server.go:64.48,66.3 1 0
github.com/ronymmoura/spending-sage-api/internal/api/server.go:66.8,68.3 1 0
github.com/ronymmoura/spending-sage-api/internal/api/server.go:70.2,100.24 13 0
github.com/ronymmoura/spending-sage-api/internal/api/server.go:103.37,105.2 1 0
github.com/ronymmoura/spending-sage-api/internal/api/user.go:16.54,19.2 2 0
github.com/ronymmoura/spending-sage-api/internal/api/user.go:21.63,25.16 3 0
github.com/ronymmoura/spending-sage-api/internal/api/user.go:25.16,26.27 1 0
github.com/ronymmoura/spending-sage-api/internal/api/user.go:26.27,29.4 2 0
github.com/ronymmoura/spending-sage-api/internal/api/user.go:31.3,32.9 2 0
github.com/ronymmoura/spending-sage-api/internal/api/user.go:35.2,35.8 1 0
github.com/ronymmoura/spending-sage-api/internal/cache/redis/categories.go:11.89,12.38 1 0
github.com/ronymmoura/spending-sage-api/internal/cache/redis/categories.go:12.38,14.17 2 0
github.com/ronymmoura/spending-sage-api/internal/cache/redis/categories.go:14.17,16.4 1 0
github.com/ronymmoura/spending-sage-api/internal/cache/redis/categories.go:18.3,19.17 2 0
github.com/ronymmoura/spending-sage-api/internal/cache/redis/categories.go:19.17,21.4 1 0
github.com/ronymmoura/spending-sage-api/internal/cache/redis/categories.go:24.2,24.12 1 0
github.com/ronymmoura/spending-sage-api/internal/cache/redis/categories.go:27.107,32.2 3 0
github.com/ronymmoura/spending-sage-api/internal/cache/redis/client.go:18.63,26.16 3 0
github.com/ronymmoura/spending-sage-api/internal/cache/redis/client.go:26.16,28.3 1 0
github.com/ronymmoura/spending-sage-api/internal/cache/redis/client.go:29.2,33.3 2 0
github.com/ronymmoura/spending-sage-api/internal/cache/redis/client.go:36.75,38.16 2 0
github.com/ronymmoura/spending-sage-api/internal/cache/redis/client.go:38.16,40.3 1 0
github.com/ronymmoura/spending-sage-api/internal/cache/redis/client.go:42.2,42.61 1 0
github.com/ronymmoura/spending-sage-api/internal/cache/redis/client.go:42.61,44.3 1 0
github.com/ronymmoura/spending-sage-api/internal/cache/redis/client.go:46.2,47.16 2 0
github.com/ronymmoura/spending-sage-api/internal/cache/redis/client.go:47.16,49.3 1 0
github.com/ronymmoura/spending-sage-api/internal/cache/redis/client.go:51.2,51.55 1 0
github.com/ronymmoura/spending-sage-api/internal/cache/redis/client.go:51.55,53.3 1 0
github.com/ronymmoura/spending-sage-api/internal/cache/redis/client.go:55.2,55.12 1 0
github.com/ronymmoura/spending-sage-api/internal/cache/redis/origins.go:11.81,12.33 1 0
github.com/ronymmoura/spending-sage-api/internal/cache/redis/origins.go:12.33,14.17 2 0
github.com/ronymmoura/spending-sage-api/internal/cache/redis/origins.go:14.17,16.4 1 0
github.com/ronymmoura/spending-sage-api/internal/cache/redis/origins.go:18.3,19.17 2 0
github.com/ronymmoura/spending-sage-api/internal/cache/redis/origins.go:19.17,21.4 1 0
github.com/ronymmoura/spending-sage-api/internal/cache/redis/origins.go:24.2,24.12 1 0
github.com/ronymmoura/spending-sage-api/internal/cache/redis/origins.go:27.99,32.2 3 0
github.com/ronymmoura/spending-sage-api/internal/util/config.go:26.57,32.16 4 1
github.com/ronymmoura/spending-sage-api/internal/util/config.go:32.16,34.3 1 1
github.com/ronymmoura/spending-sage-api/internal/util/config.go:36.2,40.8 3 1
github.com/ronymmoura/spending-sage-api/internal/util/random.go:13.13,15.2 1 1
github.com/ronymmoura/spending-sage-api/internal/util/random.go:17.38,19.2 1 1
github.com/ronymmoura/spending-sage-api/internal/util/random.go:21.44,23.2 1 1
github.com/ronymmoura/spending-sage-api/internal/util/random.go:25.36,29.28 3 1
github.com/ronymmoura/spending-sage-api/internal/util/random.go:29.28,32.3 2 1
github.com/ronymmoura/spending-sage-api/internal/util/random.go:34.2,34.20 1 1
github.com/ronymmoura/spending-sage-api/internal/util/random.go:37.27,39.2 1 1
github.com/ronymmoura/spending-sage-api/internal/util/random.go:41.28,43.2 1 1
github.com/ronymmoura/spending-sage-api/internal/util/random.go:45.27,47.2 1 1
github.com/ronymmoura/spending-sage-api/internal/db/sqlc/categories.sql.go:22.86,27.2 4 1
github.com/ronymmoura/spending-sage-api/internal/db/sqlc/categories.sql.go:34.71,37.2 2 1
github.com/ronymmoura/spending-sage-api/internal/db/sqlc/categories.sql.go:46.80,51.2 4 1
github.com/ronymmoura/spending-sage-api/internal/db/sqlc/categories.sql.go:59.75,61.16 2 1
github.com/ronymmoura/spending-sage-api/internal/db/sqlc/categories.sql.go:61.16,63.3 1 0
github.com/ronymmoura/spending-sage-api/internal/db/sqlc/categories.sql.go:64.2,66.18 3 1
github.com/ronymmoura/spending-sage-api/internal/db/sqlc/categories.sql.go:66.18,68.51 2 1
github.com/ronymmoura/spending-sage-api/internal/db/sqlc/categories.sql.go:68.51,70.4 1 0
github.com/ronymmoura/spending-sage-api/internal/db/sqlc/categories.sql.go:71.3,71.27 1 1
github.com/ronymmoura/spending-sage-api/internal/db/sqlc/categories.sql.go:73.2,73.35 1 1
github.com/ronymmoura/spending-sage-api/internal/db/sqlc/categories.sql.go:73.35,75.3 1 0
github.com/ronymmoura/spending-sage-api/internal/db/sqlc/categories.sql.go:76.2,76.19 1 1
github.com/ronymmoura/spending-sage-api/internal/db/sqlc/db.go:20.28,22.2 1 1
github.com/ronymmoura/spending-sage-api/internal/db/sqlc/db.go:28.46,32.2 1 0
github.com/ronymmoura/spending-sage-api/internal/db/sqlc/fixed_entries.go:25.111,32.16 2 1
github.com/ronymmoura/spending-sage-api/internal/db/sqlc/fixed_entries.go:32.16,34.3 1 0
github.com/ronymmoura/spending-sage-api/internal/db/sqlc/fixed_entries.go:35.2,37.18 3 1
github.com/ronymmoura/spending-sage-api/internal/db/sqlc/fixed_entries.go:37.18,49.17 2 1
github.com/ronymmoura/spending-sage-api/internal/db/sqlc/fixed_entries.go:49.17,51.4 1 0
github.com/ronymmoura/spending-sage-api/internal/db/sqlc/fixed_entries.go:52.3,52.27 1 1
github.com/ronymmoura/spending-sage-api/internal/db/sqlc/fixed_entries.go:54.2,54.35 1 1
github.com/ronymmoura/spending-sage-api/internal/db/sqlc/fixed_entries.go:54.35,56.3 1 0
github.com/ronymmoura/spending-sage-api/internal/db/sqlc/fixed_entries.go:57.2,57.19 1 1
github.com/ronymmoura/spending-sage-api/internal/db/sqlc/fixed_entries.sql.go:48.105,72.2 4 1
github.com/ronymmoura/spending-sage-api/internal/db/sqlc/fixed_entries.sql.go:79.73,82.2 2 1
github.com/ronymmoura/spending-sage-api/internal/db/sqlc/fixed_entries.sql.go:108.101,132.2 4 1
github.com/ronymmoura/spending-sage-api/internal/db/sqlc/fixed_entries.sql.go:141.84,156.2 4 1
github.com/ronymmoura/spending-sage-api/internal/db/sqlc/fixed_entry_payment_history.sql.go:33.147,43.2 4 1
github.com/ronymmoura/spending-sage-api/internal/db/sqlc/fixed_entry_payment_history.sql.go:50.87,53.2 2 1
github.com/ronymmoura/spending-sage-api/internal/db/sqlc/fixed_entry_payment_history.sql.go:62.112,72.2 4 1
github.com/ronymmoura/spending-sage-api/internal/db/sqlc/fixed_entry_payment_history.sql.go:80.120,82.16 2 1
github.com/ronymmoura/spending-sage-api/internal/db/sqlc/fixed_entry_payment_history.sql.go:82.16,84.3 1 0
github.com/ronymmoura/spending-sage-api/internal/db/sqlc/fixed_entry_payment_history.sql.go:85.2,87.18 3 1
github.com/ronymmoura/spending-sage-api/internal/db/sqlc/fixed_entry_payment_history.sql.go:87.18,94.17 2 1
github.com/ronymmoura/spending-sage-api/internal/db/sqlc/fixed_entry_payment_history.sql.go:94.17,96.4 1 0
github.com/ronymmoura/spending-sage-api/internal/db/sqlc/fixed_entry_payment_history.sql.go:97.3,97.27 1 1
github.com/ronymmoura/spending-sage-api/internal/db/sqlc/fixed_entry_payment_history.sql.go:99.2,99.35 1 1
github.com/ronymmoura/spending-sage-api/internal/db/sqlc/fixed_entry_payment_history.sql.go:99.35,101.3 1 0
github.com/ronymmoura/spending-sage-api/internal/db/sqlc/fixed_entry_payment_history.sql.go:102.2,102.19 1 1
github.com/ronymmoura/spending-sage-api/internal/db/sqlc/month_entries.go:25.111,32.16 2 1
github.com/ronymmoura/spending-sage-api/internal/db/sqlc/month_entries.go:32.16,34.3 1 0
github.com/ronymmoura/spending-sage-api/internal/db/sqlc/month_entries.go:35.2,37.18 3 1
github.com/ronymmoura/spending-sage-api/internal/db/sqlc/month_entries.go:37.18,49.17 2 1
github.com/ronymmoura/spending-sage-api/internal/db/sqlc/month_entries.go:49.17,51.4 1 0
github.com/ronymmoura/spending-sage-api/internal/db/sqlc/month_entries.go:52.3,52.27 1 1
github.com/ronymmoura/spending-sage-api/internal/db/sqlc/month_entries.go:54.2,54.35 1 1
github.com/ronymmoura/spending-sage-api/internal/db/sqlc/month_entries.go:54.35,56.3 1 0
github.com/ronymmoura/spending-sage-api/internal/db/sqlc/month_entries.go:57.2,57.19 1 1
github.com/ronymmoura/spending-sage-api/internal/db/sqlc/month_entries.sql.go:48.105,73.2 4 1
github.com/ronymmoura/spending-sage-api/internal/db/sqlc/month_entries.sql.go:80.73,83.2 2 1
github.com/ronymmoura/spending-sage-api/internal/db/sqlc/month_entries.sql.go:109.101,134.2 4 1
github.com/ronymmoura/spending-sage-api/internal/db/sqlc/month_entries.sql.go:143.84,159.2 4 1
github.com/ronymmoura/spending-sage-api/internal/db/sqlc/months.sql.go:19.81,24.2 4 0
github.com/ronymmoura/spending-sage-api/internal/db/sqlc/months.sql.go:43.90,48.2 4 1
github.com/ronymmoura/spending-sage-api/internal/db/sqlc/months.sql.go:55.68,58.2 2 1
github.com/ronymmoura/spending-sage-api/internal/db/sqlc/months.sql.go:67.74,72.2 4 1
github.com/ronymmoura/spending-sage-api/internal/db/sqlc/months.sql.go:89.90,91.16 2 1
github.com/ronymmoura/spending-sage-api/internal/db/sqlc/months.sql.go:91.16,93.3 1 0
github.com/ronymmoura/spending-sage-api/internal/db/sqlc/months.sql.go:94.2,96.18 3 1
github.com/ronymmoura/spending-sage-api/internal/db/sqlc/months.sql.go:96.18,98.62 2 0
github.com/ronymmoura/spending-sage-api/internal/db/sqlc/months.sql.go:98.62,100.4 1 0
github.com/ronymmoura/spending-sage-api/internal/db/sqlc/months.sql.go:101.3,101.27 1 0
github.com/ronymmoura/spending-sage-api/internal/db/sqlc/months.sql.go:103.2,103.35 1 1
github.com/ronymmoura/spending-sage-api/internal/db/sqlc/months.sql.go:103.35,105.3 1 0
github.com/ronymmoura/spending-sage-api/internal/db/sqlc/months.sql.go:106.2,106.19 1 1
github.com/ronymmoura/spending-sage-api/internal/db/sqlc/origins.sql.go:29.93,34.2 4 1
github.com/ronymmoura/spending-sage-api/internal/db/sqlc/origins.sql.go:41.69,44.2 2 1
github.com/ronymmoura/spending-sage-api/internal/db/sqlc/origins.sql.go:53.76,58.2 4 1
github.com/ronymmoura/spending-sage-api/internal/db/sqlc/origins.sql.go:65.70,67.16 2 1
github.com/ronymmoura/spending-sage-api/internal/db/sqlc/origins.sql.go:67.16,69.3 1 0
github.com/ronymmoura/spending-sage-api/internal/db/sqlc/origins.sql.go:70.2,72.18 3 1
github.com/ronymmoura/spending-sage-api/internal/db/sqlc/origins.sql.go:72.18,74.60 2 1
github.com/ronymmoura/spending-sage-api/internal/db/sqlc/origins.sql.go:74.60,76.4 1 0
github.com/ronymmoura/spending-sage-api/internal/db/sqlc/origins.sql.go:77.3,77.27 1 1
github.com/ronymmoura/spending-sage-api/internal/db/sqlc/origins.sql.go:79.2,79.35 1 1
github.com/ronymmoura/spending-sage-api/internal/db/sqlc/origins.sql.go:79.35,81.3 1 0
github.com/ronymmoura/spending-sage-api/internal/db/sqlc/origins.sql.go:82.2,82.19 1 1
github.com/ronymmoura/spending-sage-api/internal/db/sqlc/store.go:22.49,27.2 1 1
github.com/ronymmoura/spending-sage-api/internal/db/sqlc/store.go:29.83,31.16 2 0
github.com/ronymmoura/spending-sage-api/internal/db/sqlc/store.go:31.16,33.3 1 0
github.com/ronymmoura/spending-sage-api/internal/db/sqlc/store.go:35.2,37.29 2 0
github.com/ronymmoura/spending-sage-api/internal/db/sqlc/store.go:37.29,38.46 1 0
github.com/ronymmoura/spending-sage-api/internal/db/sqlc/store.go:38.46,40.4 1 0
github.com/ronymmoura/spending-sage-api/internal/db/sqlc/store.go:42.3,42.13 1 0
github.com/ronymmoura/spending-sage-api/internal/db/sqlc/store.go:45.2,45.23 1 0
github.com/ronymmoura/spending-sage-api/internal/db/sqlc/users.sql.go:29.87,39.2 4 1
github.com/ronymmoura/spending-sage-api/internal/db/sqlc/users.sql.go:46.67,49.2 2 1
github.com/ronymmoura/spending-sage-api/internal/db/sqlc/users.sql.go:58.72,68.2 4 1
github.com/ronymmoura/spending-sage-api/internal/db/sqlc/users.sql.go:77.83,87.2 4 1
