mode: set
github.com/ronymmoura/spending-sage-api/main.go:5.13,7.2 1 0
github.com/ronymmoura/spending-sage-api/cmd/sage/sage.go:8.12,10.16 2 0
github.com/ronymmoura/spending-sage-api/cmd/sage/sage.go:10.16,11.37 1 0
github.com/ronymmoura/spending-sage-api/cmd/sage/sage.go:14.2,15.16 2 0
github.com/ronymmoura/spending-sage-api/cmd/sage/sage.go:15.16,16.15 1 0
github.com/ronymmoura/spending-sage-api/cmd/sage/sage.go:19.2,19.23 1 0
github.com/ronymmoura/spending-sage-api/internal/auth/clerk/clerk.go:22.35,25.2 2 0
github.com/ronymmoura/spending-sage-api/internal/api/auth.go:10.48,13.59 2 0
github.com/ronymmoura/spending-sage-api/internal/api/auth.go:13.59,16.3 2 0
github.com/ronymmoura/spending-sage-api/internal/api/auth.go:18.2,18.34 1 0
github.com/ronymmoura/spending-sage-api/internal/api/auth.go:18.34,20.3 1 0
github.com/ronymmoura/spending-sage-api/internal/api/middleware.go:20.39,21.32 1 0
github.com/ronymmoura/spending-sage-api/internal/api/middleware.go:21.32,24.36 2 0
github.com/ronymmoura/spending-sage-api/internal/api/middleware.go:24.36,28.4 3 0
github.com/ronymmoura/spending-sage-api/internal/api/middleware.go:30.3,31.22 2 0
github.com/ronymmoura/spending-sage-api/internal/api/middleware.go:31.22,35.4 3 0
github.com/ronymmoura/spending-sage-api/internal/api/middleware.go:37.3,38.51 2 0
github.com/ronymmoura/spending-sage-api/internal/api/middleware.go:38.51,42.4 3 0
github.com/ronymmoura/spending-sage-api/internal/api/middleware.go:44.3,49.17 3 0
github.com/ronymmoura/spending-sage-api/internal/api/middleware.go:49.17,52.4 2 0
github.com/ronymmoura/spending-sage-api/internal/api/middleware.go:54.3,55.17 2 0
github.com/ronymmoura/spending-sage-api/internal/api/middleware.go:55.17,58.4 2 0
github.com/ronymmoura/spending-sage-api/internal/api/middleware.go:60.3,61.13 2 0
github.com/ronymmoura/spending-sage-api/internal/api/server.go:17.64,27.2 4 0
github.com/ronymmoura/spending-sage-api/internal/api/server.go:29.51,31.2 1 0
github.com/ronymmoura/spending-sage-api/internal/api/server.go:33.37,34.48 1 0
github.com/ronymmoura/spending-sage-api/internal/api/server.go:34.48,36.3 1 0
github.com/ronymmoura/spending-sage-api/internal/api/server.go:36.8,38.3 1 0
github.com/ronymmoura/spending-sage-api/internal/api/server.go:40.2,48.45 2 0
github.com/ronymmoura/spending-sage-api/internal/api/server.go:48.45,50.4 1 0
github.com/ronymmoura/spending-sage-api/internal/api/server.go:54.2,60.24 4 0
github.com/ronymmoura/spending-sage-api/internal/api/server.go:63.37,65.2 1 0
github.com/ronymmoura/spending-sage-api/internal/api/user.go:12.49,15.2 2 0
github.com/ronymmoura/spending-sage-api/internal/util/config.go:21.57,27.16 4 1
github.com/ronymmoura/spending-sage-api/internal/util/config.go:27.16,29.3 1 1
github.com/ronymmoura/spending-sage-api/internal/util/config.go:31.2,35.8 3 1
github.com/ronymmoura/spending-sage-api/internal/util/random.go:13.13,15.2 1 1
github.com/ronymmoura/spending-sage-api/internal/util/random.go:17.38,19.2 1 1
github.com/ronymmoura/spending-sage-api/internal/util/random.go:21.44,23.2 1 1
github.com/ronymmoura/spending-sage-api/internal/util/random.go:25.36,29.28 3 1
github.com/ronymmoura/spending-sage-api/internal/util/random.go:29.28,32.3 2 1
github.com/ronymmoura/spending-sage-api/internal/util/random.go:34.2,34.20 1 1
github.com/ronymmoura/spending-sage-api/internal/util/random.go:37.27,39.2 1 1
github.com/ronymmoura/spending-sage-api/internal/util/random.go:41.28,43.2 1 1
github.com/ronymmoura/spending-sage-api/internal/util/random.go:45.27,47.2 1 1
github.com/ronymmoura/spending-sage-api/internal/db/sqlc/categories.sql.go:22.86,27.2 4 1
github.com/ronymmoura/spending-sage-api/internal/db/sqlc/categories.sql.go:34.71,37.2 2 1
github.com/ronymmoura/spending-sage-api/internal/db/sqlc/categories.sql.go:46.80,51.2 4 1
github.com/ronymmoura/spending-sage-api/internal/db/sqlc/categories.sql.go:59.75,61.16 2 1
github.com/ronymmoura/spending-sage-api/internal/db/sqlc/categories.sql.go:61.16,63.3 1 0
github.com/ronymmoura/spending-sage-api/internal/db/sqlc/categories.sql.go:64.2,66.18 3 1
github.com/ronymmoura/spending-sage-api/internal/db/sqlc/categories.sql.go:66.18,68.51 2 1
github.com/ronymmoura/spending-sage-api/internal/db/sqlc/categories.sql.go:68.51,70.4 1 0
github.com/ronymmoura/spending-sage-api/internal/db/sqlc/categories.sql.go:71.3,71.27 1 1
github.com/ronymmoura/spending-sage-api/internal/db/sqlc/categories.sql.go:73.2,73.35 1 1
github.com/ronymmoura/spending-sage-api/internal/db/sqlc/categories.sql.go:73.35,75.3 1 0
github.com/ronymmoura/spending-sage-api/internal/db/sqlc/categories.sql.go:76.2,76.19 1 1
github.com/ronymmoura/spending-sage-api/internal/db/sqlc/db.go:20.28,22.2 1 1
github.com/ronymmoura/spending-sage-api/internal/db/sqlc/db.go:28.46,32.2 1 0
github.com/ronymmoura/spending-sage-api/internal/db/sqlc/months.sql.go:30.90,35.2 4 1
github.com/ronymmoura/spending-sage-api/internal/db/sqlc/months.sql.go:42.68,45.2 2 1
github.com/ronymmoura/spending-sage-api/internal/db/sqlc/months.sql.go:54.74,59.2 4 1
github.com/ronymmoura/spending-sage-api/internal/db/sqlc/months.sql.go:76.90,78.16 2 1
github.com/ronymmoura/spending-sage-api/internal/db/sqlc/months.sql.go:78.16,80.3 1 0
github.com/ronymmoura/spending-sage-api/internal/db/sqlc/months.sql.go:81.2,83.18 3 1
github.com/ronymmoura/spending-sage-api/internal/db/sqlc/months.sql.go:83.18,85.62 2 1
github.com/ronymmoura/spending-sage-api/internal/db/sqlc/months.sql.go:85.62,87.4 1 0
github.com/ronymmoura/spending-sage-api/internal/db/sqlc/months.sql.go:88.3,88.27 1 1
github.com/ronymmoura/spending-sage-api/internal/db/sqlc/months.sql.go:90.2,90.35 1 1
github.com/ronymmoura/spending-sage-api/internal/db/sqlc/months.sql.go:90.35,92.3 1 0
github.com/ronymmoura/spending-sage-api/internal/db/sqlc/months.sql.go:93.2,93.19 1 1
github.com/ronymmoura/spending-sage-api/internal/db/sqlc/origins.sql.go:29.93,34.2 4 1
github.com/ronymmoura/spending-sage-api/internal/db/sqlc/origins.sql.go:41.69,44.2 2 1
github.com/ronymmoura/spending-sage-api/internal/db/sqlc/origins.sql.go:53.76,58.2 4 1
github.com/ronymmoura/spending-sage-api/internal/db/sqlc/origins.sql.go:65.70,67.16 2 1
github.com/ronymmoura/spending-sage-api/internal/db/sqlc/origins.sql.go:67.16,69.3 1 0
github.com/ronymmoura/spending-sage-api/internal/db/sqlc/origins.sql.go:70.2,72.18 3 1
github.com/ronymmoura/spending-sage-api/internal/db/sqlc/origins.sql.go:72.18,74.60 2 1
github.com/ronymmoura/spending-sage-api/internal/db/sqlc/origins.sql.go:74.60,76.4 1 0
github.com/ronymmoura/spending-sage-api/internal/db/sqlc/origins.sql.go:77.3,77.27 1 1
github.com/ronymmoura/spending-sage-api/internal/db/sqlc/origins.sql.go:79.2,79.35 1 1
github.com/ronymmoura/spending-sage-api/internal/db/sqlc/origins.sql.go:79.35,81.3 1 0
github.com/ronymmoura/spending-sage-api/internal/db/sqlc/origins.sql.go:82.2,82.19 1 1
github.com/ronymmoura/spending-sage-api/internal/db/sqlc/store.go:19.45,24.2 1 1
github.com/ronymmoura/spending-sage-api/internal/db/sqlc/store.go:26.83,28.16 2 0
github.com/ronymmoura/spending-sage-api/internal/db/sqlc/store.go:28.16,30.3 1 0
github.com/ronymmoura/spending-sage-api/internal/db/sqlc/store.go:32.2,34.29 2 0
github.com/ronymmoura/spending-sage-api/internal/db/sqlc/store.go:34.29,35.46 1 0
github.com/ronymmoura/spending-sage-api/internal/db/sqlc/store.go:35.46,37.4 1 0
github.com/ronymmoura/spending-sage-api/internal/db/sqlc/store.go:39.3,39.13 1 0
github.com/ronymmoura/spending-sage-api/internal/db/sqlc/store.go:42.2,42.23 1 0
github.com/ronymmoura/spending-sage-api/internal/db/sqlc/users.sql.go:29.87,39.2 4 1
github.com/ronymmoura/spending-sage-api/internal/db/sqlc/users.sql.go:46.67,49.2 2 1
github.com/ronymmoura/spending-sage-api/internal/db/sqlc/users.sql.go:58.72,68.2 4 1
github.com/ronymmoura/spending-sage-api/internal/db/sqlc/users.sql.go:77.83,87.2 4 1
